TN:
SF:./toastr.js
FN:12,(anonymous_1)
FN:13,(anonymous_2)
FN:14,(anonymous_3)
FN:43,error
FN:53,getContainer
FN:65,info
FN:75,subscribe
FN:79,success
FN:89,warning
FN:99,clear
FN:107,remove
FN:122,clearContainer
FN:129,clearToast
FN:134,(anonymous_14)
FN:141,createContainer
FN:152,getDefaults
FN:187,publish
FN:192,notify
FN:267,(anonymous_19)
FN:278,(anonymous_20)
FN:292,hideToast
FN:299,(anonymous_22)
FN:311,delayedHideToast
FN:317,stickAround
FN:325,getOptions
FN:329,removeToast
FN:344,(anonymous_27)
FNF:27
FNH:21
FNDA:1,(anonymous_1)
FNDA:1,(anonymous_2)
FNDA:1,(anonymous_3)
FNDA:3,error
FNDA:79,getContainer
FNDA:26,info
FNDA:0,subscribe
FNDA:17,success
FNDA:3,warning
FNDA:44,clear
FNDA:0,remove
FNDA:43,clearContainer
FNDA:65,clearToast
FNDA:22,(anonymous_14)
FNDA:20,createContainer
FNDA:173,getDefaults
FNDA:96,publish
FNDA:49,notify
FNDA:0,(anonymous_19)
FNDA:0,(anonymous_20)
FNDA:48,hideToast
FNDA:48,(anonymous_22)
FNDA:0,delayedHideToast
FNDA:0,stickAround
FNDA:173,getOptions
FNDA:70,removeToast
FNDA:1,(anonymous_27)
DA:12,1
DA:13,1
DA:14,1
DA:15,1
DA:16,1
DA:17,1
DA:18,1
DA:25,1
DA:38,1
DA:40,1
DA:43,1
DA:44,3
DA:53,1
DA:54,79
DA:55,79
DA:56,79
DA:57,51
DA:59,28
DA:60,20
DA:62,28
DA:65,1
DA:66,26
DA:75,1
DA:76,0
DA:79,1
DA:80,17
DA:89,1
DA:90,3
DA:99,1
DA:100,44
DA:101,44
DA:102,44
DA:103,43
DA:107,1
DA:108,0
DA:109,0
DA:110,0
DA:111,0
DA:112,0
DA:114,0
DA:115,0
DA:122,1
DA:123,43
DA:124,43
DA:125,21
DA:129,1
DA:130,65
DA:131,22
DA:134,22
DA:136,22
DA:138,43
DA:141,1
DA:142,20
DA:148,20
DA:149,20
DA:152,1
DA:153,173
DA:187,1
DA:188,96
DA:189,0
DA:192,1
DA:193,49
DA:196,49
DA:197,3
DA:198,1
DA:201,2
DA:205,48
DA:206,0
DA:207,0
DA:210,48
DA:212,48
DA:213,48
DA:226,48
DA:227,48
DA:230,48
DA:231,30
DA:232,30
DA:235,48
DA:236,42
DA:237,42
DA:240,48
DA:241,1
DA:242,1
DA:245,48
DA:246,48
DA:247,42
DA:249,6
DA:253,48
DA:257,48
DA:258,48
DA:261,48
DA:262,48
DA:263,48
DA:266,48
DA:267,1
DA:268,0
DA:269,0
DA:270,0
DA:271,0
DA:273,0
DA:277,48
DA:278,0
DA:279,0
DA:280,0
DA:284,48
DA:286,48
DA:287,0
DA:290,48
DA:292,1
DA:293,48
DA:294,0
DA:296,48
DA:300,48
DA:301,48
DA:302,16
DA:304,48
DA:305,48
DA:306,48
DA:311,1
DA:312,0
DA:313,0
DA:317,1
DA:318,0
DA:319,0
DA:325,1
DA:326,173
DA:329,1
DA:330,70
DA:331,70
DA:332,0
DA:334,70
DA:335,70
DA:336,70
DA:337,41
DA:345,1
DA:346,0
DA:348,1
LF:137
LH:110
BRDA:54,1,0,31
BRDA:54,1,1,48
BRDA:56,2,0,51
BRDA:56,2,1,28
BRDA:59,3,0,20
BRDA:59,3,1,8
BRDA:101,4,0,0
BRDA:101,4,1,44
BRDA:102,5,0,43
BRDA:102,5,1,1
BRDA:109,6,0,0
BRDA:109,6,1,0
BRDA:110,7,0,0
BRDA:110,7,1,0
BRDA:110,8,0,0
BRDA:110,8,1,0
BRDA:114,9,0,0
BRDA:114,9,1,0
BRDA:130,10,0,22
BRDA:130,10,1,43
BRDA:130,11,0,65
BRDA:130,11,1,22
BRDA:188,12,0,96
BRDA:188,12,1,0
BRDA:194,13,0,49
BRDA:194,13,1,0
BRDA:196,14,0,3
BRDA:196,14,1,46
BRDA:197,15,0,1
BRDA:197,15,1,2
BRDA:205,16,0,0
BRDA:205,16,1,48
BRDA:207,17,0,0
BRDA:207,17,1,0
BRDA:226,18,0,48
BRDA:226,18,1,0
BRDA:230,19,0,30
BRDA:230,19,1,18
BRDA:235,20,0,42
BRDA:235,20,1,6
BRDA:240,21,0,1
BRDA:240,21,1,47
BRDA:246,22,0,42
BRDA:246,22,1,6
BRDA:257,23,0,48
BRDA:257,23,1,0
BRDA:262,24,0,48
BRDA:262,24,1,0
BRDA:262,25,0,48
BRDA:262,25,1,48
BRDA:266,26,0,1
BRDA:266,26,1,47
BRDA:266,27,0,48
BRDA:266,27,1,1
BRDA:268,28,0,0
BRDA:268,28,1,0
BRDA:270,29,0,0
BRDA:270,29,1,0
BRDA:270,30,0,0
BRDA:270,30,1,0
BRDA:277,31,0,0
BRDA:277,31,1,48
BRDA:286,32,0,0
BRDA:286,32,1,48
BRDA:286,33,0,48
BRDA:286,33,1,0
BRDA:293,34,0,0
BRDA:293,34,1,48
BRDA:293,35,0,48
BRDA:293,35,1,0
BRDA:301,36,0,16
BRDA:301,36,1,32
BRDA:301,37,0,48
BRDA:301,37,1,16
BRDA:312,38,0,0
BRDA:312,38,1,0
BRDA:312,39,0,0
BRDA:312,39,1,0
BRDA:330,40,0,0
BRDA:330,40,1,70
BRDA:331,41,0,0
BRDA:331,41,1,70
BRDA:336,42,0,41
BRDA:336,42,1,29
BRDA:344,43,0,0
BRDA:344,43,1,1
BRDA:344,44,0,1
BRDA:344,44,1,0
BRDA:345,45,0,0
BRDA:345,45,1,1
BRDA:345,46,0,1
BRDA:345,46,1,1
BRF:92
BRH:55
end_of_record
