TN:
SF:./toastr.js
FN:12,(anonymous_1)
FN:13,(anonymous_2)
FN:14,(anonymous_3)
FN:43,error
FN:53,getContainer
FN:65,info
FN:75,subscribe
FN:79,success
FN:89,warning
FN:99,clear
FN:107,remove
FN:122,clearContainer
FN:129,clearToast
FN:134,(anonymous_14)
FN:141,createContainer
FN:152,getDefaults
FN:187,publish
FN:192,notify
FN:267,(anonymous_19)
FN:278,(anonymous_20)
FN:292,hideToast
FN:299,(anonymous_22)
FN:311,delayedHideToast
FN:317,stickAround
FN:325,getOptions
FN:329,removeToast
FN:344,(anonymous_27)
FNF:27
FNH:4
FNDA:1,(anonymous_1)
FNDA:1,(anonymous_2)
FNDA:1,(anonymous_3)
FNDA:0,error
FNDA:0,getContainer
FNDA:0,info
FNDA:0,subscribe
FNDA:0,success
FNDA:0,warning
FNDA:0,clear
FNDA:0,remove
FNDA:0,clearContainer
FNDA:0,clearToast
FNDA:0,(anonymous_14)
FNDA:0,createContainer
FNDA:0,getDefaults
FNDA:0,publish
FNDA:0,notify
FNDA:0,(anonymous_19)
FNDA:0,(anonymous_20)
FNDA:0,hideToast
FNDA:0,(anonymous_22)
FNDA:0,delayedHideToast
FNDA:0,stickAround
FNDA:0,getOptions
FNDA:0,removeToast
FNDA:1,(anonymous_27)
DA:12,1
DA:13,1
DA:14,1
DA:15,1
DA:16,1
DA:17,1
DA:18,1
DA:25,1
DA:38,1
DA:40,1
DA:43,1
DA:44,0
DA:53,1
DA:54,0
DA:55,0
DA:56,0
DA:57,0
DA:59,0
DA:60,0
DA:62,0
DA:65,1
DA:66,0
DA:75,1
DA:76,0
DA:79,1
DA:80,0
DA:89,1
DA:90,0
DA:99,1
DA:100,0
DA:101,0
DA:102,0
DA:103,0
DA:107,1
DA:108,0
DA:109,0
DA:110,0
DA:111,0
DA:112,0
DA:114,0
DA:115,0
DA:122,1
DA:123,0
DA:124,0
DA:125,0
DA:129,1
DA:130,0
DA:131,0
DA:134,0
DA:136,0
DA:138,0
DA:141,1
DA:142,0
DA:148,0
DA:149,0
DA:152,1
DA:153,0
DA:187,1
DA:188,0
DA:189,0
DA:192,1
DA:193,0
DA:196,0
DA:197,0
DA:198,0
DA:201,0
DA:205,0
DA:206,0
DA:207,0
DA:210,0
DA:212,0
DA:213,0
DA:226,0
DA:227,0
DA:230,0
DA:231,0
DA:232,0
DA:235,0
DA:236,0
DA:237,0
DA:240,0
DA:241,0
DA:242,0
DA:245,0
DA:246,0
DA:247,0
DA:249,0
DA:253,0
DA:257,0
DA:258,0
DA:261,0
DA:262,0
DA:263,0
DA:266,0
DA:267,0
DA:268,0
DA:269,0
DA:270,0
DA:271,0
DA:273,0
DA:277,0
DA:278,0
DA:279,0
DA:280,0
DA:284,0
DA:286,0
DA:287,0
DA:290,0
DA:292,1
DA:293,0
DA:294,0
DA:296,0
DA:300,0
DA:301,0
DA:302,0
DA:304,0
DA:305,0
DA:306,0
DA:311,1
DA:312,0
DA:313,0
DA:317,1
DA:318,0
DA:319,0
DA:325,1
DA:326,0
DA:329,1
DA:330,0
DA:331,0
DA:332,0
DA:334,0
DA:335,0
DA:336,0
DA:337,0
DA:345,1
DA:346,0
DA:348,1
LF:137
LH:31
BRDA:54,1,0,0
BRDA:54,1,1,0
BRDA:56,2,0,0
BRDA:56,2,1,0
BRDA:59,3,0,0
BRDA:59,3,1,0
BRDA:101,4,0,0
BRDA:101,4,1,0
BRDA:102,5,0,0
BRDA:102,5,1,0
BRDA:109,6,0,0
BRDA:109,6,1,0
BRDA:110,7,0,0
BRDA:110,7,1,0
BRDA:110,8,0,0
BRDA:110,8,1,0
BRDA:114,9,0,0
BRDA:114,9,1,0
BRDA:130,10,0,0
BRDA:130,10,1,0
BRDA:130,11,0,0
BRDA:130,11,1,0
BRDA:188,12,0,0
BRDA:188,12,1,0
BRDA:194,13,0,0
BRDA:194,13,1,0
BRDA:196,14,0,0
BRDA:196,14,1,0
BRDA:197,15,0,0
BRDA:197,15,1,0
BRDA:205,16,0,0
BRDA:205,16,1,0
BRDA:207,17,0,0
BRDA:207,17,1,0
BRDA:226,18,0,0
BRDA:226,18,1,0
BRDA:230,19,0,0
BRDA:230,19,1,0
BRDA:235,20,0,0
BRDA:235,20,1,0
BRDA:240,21,0,0
BRDA:240,21,1,0
BRDA:246,22,0,0
BRDA:246,22,1,0
BRDA:257,23,0,0
BRDA:257,23,1,0
BRDA:262,24,0,0
BRDA:262,24,1,0
BRDA:262,25,0,0
BRDA:262,25,1,0
BRDA:266,26,0,0
BRDA:266,26,1,0
BRDA:266,27,0,0
BRDA:266,27,1,0
BRDA:268,28,0,0
BRDA:268,28,1,0
BRDA:270,29,0,0
BRDA:270,29,1,0
BRDA:270,30,0,0
BRDA:270,30,1,0
BRDA:277,31,0,0
BRDA:277,31,1,0
BRDA:286,32,0,0
BRDA:286,32,1,0
BRDA:286,33,0,0
BRDA:286,33,1,0
BRDA:293,34,0,0
BRDA:293,34,1,0
BRDA:293,35,0,0
BRDA:293,35,1,0
BRDA:301,36,0,0
BRDA:301,36,1,0
BRDA:301,37,0,0
BRDA:301,37,1,0
BRDA:312,38,0,0
BRDA:312,38,1,0
BRDA:312,39,0,0
BRDA:312,39,1,0
BRDA:330,40,0,0
BRDA:330,40,1,0
BRDA:331,41,0,0
BRDA:331,41,1,0
BRDA:336,42,0,0
BRDA:336,42,1,0
BRDA:344,43,0,0
BRDA:344,43,1,1
BRDA:344,44,0,1
BRDA:344,44,1,0
BRDA:345,45,0,0
BRDA:345,45,1,1
BRDA:345,46,0,1
BRDA:345,46,1,1
BRF:92
BRH:5
end_of_record
